<?xml version="1.0" encoding="UTF-8"?>
<coverage generated="1687321349940" clover="3.2.0">
  <project timestamp="1687321349940" name="All files">
    <metrics statements="76" coveredstatements="72" conditionals="38" coveredconditionals="34" methods="19" coveredmethods="19" elements="133" coveredelements="125" complexity="0" loc="76" ncloc="76" packages="2" files="6" classes="6"/>
    <package name="src">
      <metrics statements="28" coveredstatements="27" conditionals="16" coveredconditionals="15" methods="7" coveredmethods="7"/>
      <file name="buildTree.js" path="/Users/yanapavelchuk/frontend-project-46/src/buildTree.js">
        <metrics statements="12" coveredstatements="12" conditionals="10" coveredconditionals="10" methods="2" coveredmethods="2"/>
        <line num="3" count="1" type="stmt"/>
        <line num="4" count="35" type="stmt"/>
        <line num="5" count="35" type="stmt"/>
        <line num="6" count="145" type="cond" truecount="2" falsecount="0"/>
        <line num="7" count="35" type="stmt"/>
        <line num="13" count="110" type="cond" truecount="2" falsecount="0"/>
        <line num="14" count="15" type="stmt"/>
        <line num="20" count="95" type="cond" truecount="4" falsecount="0"/>
        <line num="21" count="30" type="stmt"/>
        <line num="27" count="65" type="cond" truecount="2" falsecount="0"/>
        <line num="28" count="45" type="stmt"/>
        <line num="35" count="20" type="stmt"/>
      </file>
      <file name="index.js" path="/Users/yanapavelchuk/frontend-project-46/src/index.js">
        <metrics statements="5" coveredstatements="5" conditionals="0" coveredconditionals="0" methods="1" coveredmethods="1"/>
        <line num="7" count="1" type="stmt"/>
        <line num="8" count="5" type="stmt"/>
        <line num="9" count="5" type="stmt"/>
        <line num="10" count="5" type="stmt"/>
        <line num="11" count="5" type="stmt"/>
      </file>
      <file name="parser.js" path="/Users/yanapavelchuk/frontend-project-46/src/parser.js">
        <metrics statements="11" coveredstatements="10" conditionals="6" coveredconditionals="5" methods="4" coveredmethods="4"/>
        <line num="6" count="10" type="stmt"/>
        <line num="7" count="10" type="stmt"/>
        <line num="8" count="10" type="stmt"/>
        <line num="10" count="1" type="stmt"/>
        <line num="11" count="10" type="stmt"/>
        <line num="12" count="10" type="stmt"/>
        <line num="14" count="10" type="cond" truecount="2" falsecount="0"/>
        <line num="15" count="6" type="stmt"/>
        <line num="17" count="4" type="cond" truecount="3" falsecount="1"/>
        <line num="18" count="4" type="stmt"/>
        <line num="20" count="0" type="stmt"/>
      </file>
    </package>
    <package name="src.formatters">
      <metrics statements="48" coveredstatements="45" conditionals="22" coveredconditionals="19" methods="12" coveredmethods="12"/>
      <file name="index.js" path="/Users/yanapavelchuk/frontend-project-46/src/formatters/index.js">
        <metrics statements="6" coveredstatements="5" conditionals="4" coveredconditionals="3" methods="1" coveredmethods="1"/>
        <line num="4" count="1" type="stmt"/>
        <line num="5" count="5" type="cond" truecount="3" falsecount="1"/>
        <line num="7" count="2" type="stmt"/>
        <line num="9" count="2" type="stmt"/>
        <line num="11" count="1" type="stmt"/>
        <line num="13" count="0" type="stmt"/>
      </file>
      <file name="plain.js" path="/Users/yanapavelchuk/frontend-project-46/src/formatters/plain.js">
        <metrics statements="18" coveredstatements="17" conditionals="10" coveredconditionals="9" methods="4" coveredmethods="4"/>
        <line num="3" count="1" type="stmt"/>
        <line num="4" count="50" type="cond" truecount="2" falsecount="0"/>
        <line num="5" count="8" type="stmt"/>
        <line num="8" count="42" type="cond" truecount="2" falsecount="0"/>
        <line num="9" count="24" type="stmt"/>
        <line num="11" count="18" type="stmt"/>
        <line num="14" count="1" type="stmt"/>
        <line num="15" count="2" type="stmt"/>
        <line num="16" count="14" type="stmt"/>
        <line num="17" count="58" type="cond" truecount="5" falsecount="1"/>
        <line num="19" count="12" type="stmt"/>
        <line num="21" count="14" type="stmt"/>
        <line num="23" count="6" type="stmt"/>
        <line num="25" count="8" type="stmt"/>
        <line num="27" count="18" type="stmt"/>
        <line num="29" count="0" type="stmt"/>
        <line num="32" count="14" type="stmt"/>
        <line num="34" count="2" type="stmt"/>
      </file>
      <file name="stylish.js" path="/Users/yanapavelchuk/frontend-project-46/src/formatters/stylish.js">
        <metrics statements="24" coveredstatements="23" conditionals="8" coveredconditionals="7" methods="7" coveredmethods="7"/>
        <line num="3" count="14" type="stmt"/>
        <line num="4" count="64" type="stmt"/>
        <line num="6" count="1" type="stmt"/>
        <line num="7" count="84" type="cond" truecount="2" falsecount="0"/>
        <line num="8" count="16" type="stmt"/>
        <line num="9" count="20" type="stmt"/>
        <line num="10" count="16" type="stmt"/>
        <line num="12" count="68" type="stmt"/>
        <line num="15" count="1" type="stmt"/>
        <line num="16" count="2" type="stmt"/>
        <line num="17" count="14" type="stmt"/>
        <line num="18" count="14" type="stmt"/>
        <line num="19" count="14" type="stmt"/>
        <line num="20" count="58" type="cond" truecount="5" falsecount="1"/>
        <line num="22" count="12" type="stmt"/>
        <line num="24" count="8" type="stmt"/>
        <line num="26" count="14" type="stmt"/>
        <line num="28" count="6" type="stmt"/>
        <line num="30" count="18" type="stmt"/>
        <line num="31" count="18" type="stmt"/>
        <line num="32" count="18" type="stmt"/>
        <line num="35" count="0" type="stmt"/>
        <line num="38" count="14" type="stmt"/>
        <line num="40" count="2" type="stmt"/>
      </file>
    </package>
  </project>
</coverage>
