{"/Users/yanapavelchuk/frontend-project-46/src/buildTree.js": {"path":"/Users/yanapavelchuk/frontend-project-46/src/buildTree.js","statementMap":{"0":{"start":{"line":3,"column":18},"end":{"line":41,"column":1}},"1":{"start":{"line":4,"column":18},"end":{"line":4,"column":75}},"2":{"start":{"line":5,"column":2},"end":{"line":40,"column":5}},"3":{"start":{"line":6,"column":4},"end":{"line":12,"column":5}},"4":{"start":{"line":7,"column":6},"end":{"line":11,"column":8}},"5":{"start":{"line":13,"column":4},"end":{"line":19,"column":5}},"6":{"start":{"line":14,"column":6},"end":{"line":18,"column":8}},"7":{"start":{"line":20,"column":4},"end":{"line":26,"column":5}},"8":{"start":{"line":21,"column":6},"end":{"line":25,"column":8}},"9":{"start":{"line":27,"column":4},"end":{"line":34,"column":5}},"10":{"start":{"line":28,"column":6},"end":{"line":33,"column":8}},"11":{"start":{"line":35,"column":4},"end":{"line":39,"column":6}}},"fnMap":{"0":{"name":"(anonymous_0)","decl":{"start":{"line":3,"column":18},"end":{"line":3,"column":19}},"loc":{"start":{"line":3,"column":36},"end":{"line":41,"column":1}},"line":3},"1":{"name":"(anonymous_1)","decl":{"start":{"line":5,"column":21},"end":{"line":5,"column":22}},"loc":{"start":{"line":5,"column":30},"end":{"line":40,"column":3}},"line":5}},"branchMap":{"0":{"loc":{"start":{"line":6,"column":4},"end":{"line":12,"column":5}},"type":"if","locations":[{"start":{"line":6,"column":4},"end":{"line":12,"column":5}},{"start":{},"end":{}}],"line":6},"1":{"loc":{"start":{"line":13,"column":4},"end":{"line":19,"column":5}},"type":"if","locations":[{"start":{"line":13,"column":4},"end":{"line":19,"column":5}},{"start":{},"end":{}}],"line":13},"2":{"loc":{"start":{"line":20,"column":4},"end":{"line":26,"column":5}},"type":"if","locations":[{"start":{"line":20,"column":4},"end":{"line":26,"column":5}},{"start":{},"end":{}}],"line":20},"3":{"loc":{"start":{"line":20,"column":8},"end":{"line":20,"column":56}},"type":"binary-expr","locations":[{"start":{"line":20,"column":8},"end":{"line":20,"column":30}},{"start":{"line":20,"column":34},"end":{"line":20,"column":56}}],"line":20},"4":{"loc":{"start":{"line":27,"column":4},"end":{"line":34,"column":5}},"type":"if","locations":[{"start":{"line":27,"column":4},"end":{"line":34,"column":5}},{"start":{},"end":{}}],"line":27}},"s":{"0":1,"1":42,"2":42,"3":174,"4":42,"5":132,"6":18,"7":114,"8":36,"9":78,"10":54,"11":24},"f":{"0":42,"1":174},"b":{"0":[42,132],"1":[18,114],"2":[36,78],"3":[114,42],"4":[54,24]},"_coverageSchema":"1a1c01bbd47fc00a2c39e90264f33305004495a9","hash":"3a2620dba7020e39610b1d81d2f10770e4760d3e"}
,"/Users/yanapavelchuk/frontend-project-46/src/index.js": {"path":"/Users/yanapavelchuk/frontend-project-46/src/index.js","statementMap":{"0":{"start":{"line":7,"column":16},"end":{"line":12,"column":1}},"1":{"start":{"line":8,"column":20},"end":{"line":8,"column":40}},"2":{"start":{"line":9,"column":20},"end":{"line":9,"column":40}},"3":{"start":{"line":10,"column":15},"end":{"line":10,"column":46}},"4":{"start":{"line":11,"column":2},"end":{"line":11,"column":33}}},"fnMap":{"0":{"name":"(anonymous_0)","decl":{"start":{"line":7,"column":16},"end":{"line":7,"column":17}},"loc":{"start":{"line":7,"column":50},"end":{"line":12,"column":1}},"line":7}},"branchMap":{},"s":{"0":1,"1":6,"2":6,"3":6,"4":6},"f":{"0":6},"b":{},"_coverageSchema":"1a1c01bbd47fc00a2c39e90264f33305004495a9","hash":"45af5192ef9aed9627c67a7f612aa936903594f4"}
,"/Users/yanapavelchuk/frontend-project-46/src/parser.js": {"path":"/Users/yanapavelchuk/frontend-project-46/src/parser.js","statementMap":{"0":{"start":{"line":6,"column":24},"end":{"line":6,"column":75}},"1":{"start":{"line":6,"column":38},"end":{"line":6,"column":75}},"2":{"start":{"line":7,"column":17},"end":{"line":7,"column":65}},"3":{"start":{"line":7,"column":31},"end":{"line":7,"column":65}},"4":{"start":{"line":8,"column":25},"end":{"line":8,"column":61}},"5":{"start":{"line":8,"column":39},"end":{"line":8,"column":61}},"6":{"start":{"line":10,"column":18},"end":{"line":21,"column":1}},"7":{"start":{"line":11,"column":24},"end":{"line":11,"column":50}},"8":{"start":{"line":12,"column":19},"end":{"line":12,"column":54}},"9":{"start":{"line":14,"column":2},"end":{"line":16,"column":3}},"10":{"start":{"line":15,"column":4},"end":{"line":15,"column":32}},"11":{"start":{"line":17,"column":2},"end":{"line":19,"column":3}},"12":{"start":{"line":18,"column":4},"end":{"line":18,"column":31}},"13":{"start":{"line":20,"column":2},"end":{"line":20,"column":63}}},"fnMap":{"0":{"name":"(anonymous_0)","decl":{"start":{"line":6,"column":24},"end":{"line":6,"column":25}},"loc":{"start":{"line":6,"column":38},"end":{"line":6,"column":75}},"line":6},"1":{"name":"(anonymous_1)","decl":{"start":{"line":7,"column":17},"end":{"line":7,"column":18}},"loc":{"start":{"line":7,"column":31},"end":{"line":7,"column":65}},"line":7},"2":{"name":"(anonymous_2)","decl":{"start":{"line":8,"column":25},"end":{"line":8,"column":26}},"loc":{"start":{"line":8,"column":39},"end":{"line":8,"column":61}},"line":8},"3":{"name":"(anonymous_3)","decl":{"start":{"line":10,"column":18},"end":{"line":10,"column":19}},"loc":{"start":{"line":10,"column":32},"end":{"line":21,"column":1}},"line":10}},"branchMap":{"0":{"loc":{"start":{"line":14,"column":2},"end":{"line":16,"column":3}},"type":"if","locations":[{"start":{"line":14,"column":2},"end":{"line":16,"column":3}},{"start":{},"end":{}}],"line":14},"1":{"loc":{"start":{"line":17,"column":2},"end":{"line":19,"column":3}},"type":"if","locations":[{"start":{"line":17,"column":2},"end":{"line":19,"column":3}},{"start":{},"end":{}}],"line":17},"2":{"loc":{"start":{"line":17,"column":6},"end":{"line":17,"column":59}},"type":"binary-expr","locations":[{"start":{"line":17,"column":6},"end":{"line":17,"column":30}},{"start":{"line":17,"column":34},"end":{"line":17,"column":59}}],"line":17}},"s":{"0":1,"1":12,"2":1,"3":12,"4":1,"5":12,"6":1,"7":12,"8":12,"9":12,"10":6,"11":6,"12":6,"13":0},"f":{"0":12,"1":12,"2":12,"3":12},"b":{"0":[6,6],"1":[6,0],"2":[6,3]},"_coverageSchema":"1a1c01bbd47fc00a2c39e90264f33305004495a9","hash":"4adfb28b709e7762d6b57a2a4bf23abcd0cef174"}
,"/Users/yanapavelchuk/frontend-project-46/src/formatters/index.js": {"path":"/Users/yanapavelchuk/frontend-project-46/src/formatters/index.js","statementMap":{"0":{"start":{"line":4,"column":18},"end":{"line":25,"column":1}},"1":{"start":{"line":15,"column":2},"end":{"line":17,"column":3}},"2":{"start":{"line":16,"column":4},"end":{"line":16,"column":25}},"3":{"start":{"line":18,"column":2},"end":{"line":20,"column":3}},"4":{"start":{"line":19,"column":4},"end":{"line":19,"column":23}},"5":{"start":{"line":21,"column":2},"end":{"line":23,"column":3}},"6":{"start":{"line":22,"column":4},"end":{"line":22,"column":41}},"7":{"start":{"line":24,"column":2},"end":{"line":24,"column":23}}},"fnMap":{"0":{"name":"(anonymous_0)","decl":{"start":{"line":4,"column":18},"end":{"line":4,"column":19}},"loc":{"start":{"line":4,"column":40},"end":{"line":25,"column":1}},"line":4}},"branchMap":{"0":{"loc":{"start":{"line":15,"column":2},"end":{"line":17,"column":3}},"type":"if","locations":[{"start":{"line":15,"column":2},"end":{"line":17,"column":3}},{"start":{},"end":{}}],"line":15},"1":{"loc":{"start":{"line":18,"column":2},"end":{"line":20,"column":3}},"type":"if","locations":[{"start":{"line":18,"column":2},"end":{"line":20,"column":3}},{"start":{},"end":{}}],"line":18},"2":{"loc":{"start":{"line":21,"column":2},"end":{"line":23,"column":3}},"type":"if","locations":[{"start":{"line":21,"column":2},"end":{"line":23,"column":3}},{"start":{},"end":{}}],"line":21}},"s":{"0":1,"1":6,"2":2,"3":4,"4":2,"5":2,"6":2,"7":0},"f":{"0":6},"b":{"0":[2,4],"1":[2,2],"2":[2,0]},"_coverageSchema":"1a1c01bbd47fc00a2c39e90264f33305004495a9","hash":"33b920c9b629755a9a68eb8b7c7ceb2931d4f5d6"}
,"/Users/yanapavelchuk/frontend-project-46/src/formatters/plain.js": {"path":"/Users/yanapavelchuk/frontend-project-46/src/formatters/plain.js","statementMap":{"0":{"start":{"line":3,"column":18},"end":{"line":12,"column":1}},"1":{"start":{"line":4,"column":2},"end":{"line":6,"column":3}},"2":{"start":{"line":5,"column":4},"end":{"line":5,"column":29}},"3":{"start":{"line":8,"column":2},"end":{"line":10,"column":3}},"4":{"start":{"line":9,"column":4},"end":{"line":9,"column":24}},"5":{"start":{"line":11,"column":2},"end":{"line":11,"column":15}},"6":{"start":{"line":14,"column":14},"end":{"line":35,"column":1}},"7":{"start":{"line":15,"column":15},"end":{"line":33,"column":3}},"8":{"start":{"line":16,"column":19},"end":{"line":31,"column":6}},"9":{"start":{"line":17,"column":6},"end":{"line":30,"column":7}},"10":{"start":{"line":19,"column":10},"end":{"line":19,"column":61}},"11":{"start":{"line":21,"column":10},"end":{"line":21,"column":97}},"12":{"start":{"line":23,"column":10},"end":{"line":23,"column":62}},"13":{"start":{"line":25,"column":10},"end":{"line":25,"column":20}},"14":{"start":{"line":27,"column":10},"end":{"line":27,"column":132}},"15":{"start":{"line":29,"column":10},"end":{"line":29,"column":64}},"16":{"start":{"line":32,"column":4},"end":{"line":32,"column":29}},"17":{"start":{"line":34,"column":2},"end":{"line":34,"column":23}}},"fnMap":{"0":{"name":"(anonymous_0)","decl":{"start":{"line":3,"column":18},"end":{"line":3,"column":19}},"loc":{"start":{"line":3,"column":29},"end":{"line":12,"column":1}},"line":3},"1":{"name":"(anonymous_1)","decl":{"start":{"line":14,"column":14},"end":{"line":14,"column":15}},"loc":{"start":{"line":14,"column":23},"end":{"line":35,"column":1}},"line":14},"2":{"name":"(anonymous_2)","decl":{"start":{"line":15,"column":15},"end":{"line":15,"column":16}},"loc":{"start":{"line":15,"column":31},"end":{"line":33,"column":3}},"line":15},"3":{"name":"(anonymous_3)","decl":{"start":{"line":16,"column":32},"end":{"line":16,"column":33}},"loc":{"start":{"line":16,"column":42},"end":{"line":31,"column":5}},"line":16}},"branchMap":{"0":{"loc":{"start":{"line":4,"column":2},"end":{"line":6,"column":3}},"type":"if","locations":[{"start":{"line":4,"column":2},"end":{"line":6,"column":3}},{"start":{},"end":{}}],"line":4},"1":{"loc":{"start":{"line":8,"column":2},"end":{"line":10,"column":3}},"type":"if","locations":[{"start":{"line":8,"column":2},"end":{"line":10,"column":3}},{"start":{},"end":{}}],"line":8},"2":{"loc":{"start":{"line":17,"column":6},"end":{"line":30,"column":7}},"type":"switch","locations":[{"start":{"line":18,"column":8},"end":{"line":19,"column":61}},{"start":{"line":20,"column":8},"end":{"line":21,"column":97}},{"start":{"line":22,"column":8},"end":{"line":23,"column":62}},{"start":{"line":24,"column":8},"end":{"line":25,"column":20}},{"start":{"line":26,"column":8},"end":{"line":27,"column":132}},{"start":{"line":28,"column":8},"end":{"line":29,"column":64}}],"line":17}},"s":{"0":1,"1":50,"2":8,"3":42,"4":24,"5":18,"6":1,"7":2,"8":14,"9":58,"10":12,"11":14,"12":6,"13":8,"14":18,"15":0,"16":14,"17":2},"f":{"0":50,"1":2,"2":14,"3":58},"b":{"0":[8,42],"1":[24,18],"2":[12,14,6,8,18,0]},"_coverageSchema":"1a1c01bbd47fc00a2c39e90264f33305004495a9","hash":"7d1f826201e02f107dd13d9495038bcb9b6fc677"}
,"/Users/yanapavelchuk/frontend-project-46/src/formatters/stylish.js": {"path":"/Users/yanapavelchuk/frontend-project-46/src/formatters/stylish.js","statementMap":{"0":{"start":{"line":3,"column":31},"end":{"line":3,"column":67}},"1":{"start":{"line":3,"column":42},"end":{"line":3,"column":67}},"2":{"start":{"line":4,"column":34},"end":{"line":4,"column":66}},"3":{"start":{"line":4,"column":45},"end":{"line":4,"column":66}},"4":{"start":{"line":6,"column":18},"end":{"line":13,"column":1}},"5":{"start":{"line":7,"column":2},"end":{"line":11,"column":3}},"6":{"start":{"line":8,"column":20},"end":{"line":8,"column":40}},"7":{"start":{"line":9,"column":19},"end":{"line":9,"column":125}},"8":{"start":{"line":9,"column":49},"end":{"line":9,"column":124}},"9":{"start":{"line":10,"column":4},"end":{"line":10,"column":79}},"10":{"start":{"line":12,"column":2},"end":{"line":12,"column":14}},"11":{"start":{"line":15,"column":16},"end":{"line":41,"column":1}},"12":{"start":{"line":16,"column":15},"end":{"line":39,"column":3}},"13":{"start":{"line":17,"column":30},"end":{"line":17,"column":62}},"14":{"start":{"line":18,"column":27},"end":{"line":18,"column":56}},"15":{"start":{"line":19,"column":19},"end":{"line":37,"column":6}},"16":{"start":{"line":20,"column":6},"end":{"line":36,"column":7}},"17":{"start":{"line":22,"column":10},"end":{"line":22,"column":89}},"18":{"start":{"line":24,"column":10},"end":{"line":24,"column":89}},"19":{"start":{"line":26,"column":10},"end":{"line":26,"column":88}},"20":{"start":{"line":28,"column":10},"end":{"line":28,"column":88}},"21":{"start":{"line":30,"column":23},"end":{"line":30,"column":99}},"22":{"start":{"line":31,"column":21},"end":{"line":31,"column":96}},"23":{"start":{"line":32,"column":10},"end":{"line":32,"column":34}},"24":{"start":{"line":35,"column":10},"end":{"line":35,"column":64}},"25":{"start":{"line":38,"column":4},"end":{"line":38,"column":79}},"26":{"start":{"line":40,"column":2},"end":{"line":40,"column":22}}},"fnMap":{"0":{"name":"(anonymous_0)","decl":{"start":{"line":3,"column":31},"end":{"line":3,"column":32}},"loc":{"start":{"line":3,"column":42},"end":{"line":3,"column":67}},"line":3},"1":{"name":"(anonymous_1)","decl":{"start":{"line":4,"column":34},"end":{"line":4,"column":35}},"loc":{"start":{"line":4,"column":45},"end":{"line":4,"column":66}},"line":4},"2":{"name":"(anonymous_2)","decl":{"start":{"line":6,"column":18},"end":{"line":6,"column":19}},"loc":{"start":{"line":6,"column":35},"end":{"line":13,"column":1}},"line":6},"3":{"name":"(anonymous_3)","decl":{"start":{"line":9,"column":31},"end":{"line":9,"column":32}},"loc":{"start":{"line":9,"column":49},"end":{"line":9,"column":124}},"line":9},"4":{"name":"(anonymous_4)","decl":{"start":{"line":15,"column":16},"end":{"line":15,"column":17}},"loc":{"start":{"line":15,"column":25},"end":{"line":41,"column":1}},"line":15},"5":{"name":"(anonymous_5)","decl":{"start":{"line":16,"column":15},"end":{"line":16,"column":16}},"loc":{"start":{"line":16,"column":32},"end":{"line":39,"column":3}},"line":16},"6":{"name":"(anonymous_6)","decl":{"start":{"line":19,"column":28},"end":{"line":19,"column":29}},"loc":{"start":{"line":19,"column":38},"end":{"line":37,"column":5}},"line":19}},"branchMap":{"0":{"loc":{"start":{"line":7,"column":2},"end":{"line":11,"column":3}},"type":"if","locations":[{"start":{"line":7,"column":2},"end":{"line":11,"column":3}},{"start":{},"end":{}}],"line":7},"1":{"loc":{"start":{"line":20,"column":6},"end":{"line":36,"column":7}},"type":"switch","locations":[{"start":{"line":21,"column":8},"end":{"line":22,"column":89}},{"start":{"line":23,"column":8},"end":{"line":24,"column":89}},{"start":{"line":25,"column":8},"end":{"line":26,"column":88}},{"start":{"line":27,"column":8},"end":{"line":28,"column":88}},{"start":{"line":29,"column":8},"end":{"line":33,"column":9}},{"start":{"line":34,"column":8},"end":{"line":35,"column":64}}],"line":20}},"s":{"0":1,"1":14,"2":1,"3":64,"4":1,"5":84,"6":16,"7":16,"8":20,"9":16,"10":68,"11":1,"12":2,"13":14,"14":14,"15":14,"16":58,"17":12,"18":8,"19":14,"20":6,"21":18,"22":18,"23":18,"24":0,"25":14,"26":2},"f":{"0":14,"1":64,"2":84,"3":20,"4":2,"5":14,"6":58},"b":{"0":[16,68],"1":[12,8,14,6,18,0]},"_coverageSchema":"1a1c01bbd47fc00a2c39e90264f33305004495a9","hash":"a1bb912ac013a2de22411f398533ce201c243bcc"}
}
