TN:
SF:src/buildTree.js
FN:3,(anonymous_0)
FN:5,(anonymous_1)
FNF:2
FNH:2
FNDA:35,(anonymous_0)
FNDA:145,(anonymous_1)
DA:3,1
DA:4,35
DA:5,35
DA:6,145
DA:7,35
DA:13,110
DA:14,15
DA:20,95
DA:21,30
DA:27,65
DA:28,45
DA:35,20
LF:12
LH:12
BRDA:6,0,0,35
BRDA:6,0,1,110
BRDA:13,1,0,15
BRDA:13,1,1,95
BRDA:20,2,0,30
BRDA:20,2,1,65
BRDA:20,3,0,95
BRDA:20,3,1,35
BRDA:27,4,0,45
BRDA:27,4,1,20
BRF:10
BRH:10
end_of_record
TN:
SF:src/index.js
FN:7,(anonymous_0)
FNF:1
FNH:1
FNDA:5,(anonymous_0)
DA:7,1
DA:8,5
DA:9,5
DA:10,5
DA:11,5
LF:5
LH:5
BRF:0
BRH:0
end_of_record
TN:
SF:src/parser.js
FN:6,(anonymous_0)
FN:7,(anonymous_1)
FN:8,(anonymous_2)
FN:10,(anonymous_3)
FNF:4
FNH:4
FNDA:10,(anonymous_0)
FNDA:10,(anonymous_1)
FNDA:10,(anonymous_2)
FNDA:10,(anonymous_3)
DA:6,10
DA:7,10
DA:8,10
DA:10,1
DA:11,10
DA:12,10
DA:14,10
DA:15,6
DA:17,4
DA:18,4
DA:20,0
LF:11
LH:10
BRDA:14,0,0,6
BRDA:14,0,1,4
BRDA:17,1,0,4
BRDA:17,1,1,0
BRDA:17,2,0,4
BRDA:17,2,1,2
BRF:6
BRH:5
end_of_record
TN:
SF:src/formatters/index.js
FN:4,(anonymous_0)
FNF:1
FNH:1
FNDA:5,(anonymous_0)
DA:4,1
DA:5,5
DA:7,2
DA:9,2
DA:11,1
DA:13,0
LF:6
LH:5
BRDA:5,0,0,2
BRDA:5,0,1,2
BRDA:5,0,2,1
BRDA:5,0,3,0
BRF:4
BRH:3
end_of_record
TN:
SF:src/formatters/plain.js
FN:3,(anonymous_0)
FN:14,(anonymous_1)
FN:15,(anonymous_2)
FN:16,(anonymous_3)
FNF:4
FNH:4
FNDA:50,(anonymous_0)
FNDA:2,(anonymous_1)
FNDA:14,(anonymous_2)
FNDA:58,(anonymous_3)
DA:3,1
DA:4,50
DA:5,8
DA:8,42
DA:9,24
DA:11,18
DA:14,1
DA:15,2
DA:16,14
DA:17,58
DA:19,12
DA:21,14
DA:23,6
DA:25,8
DA:27,18
DA:29,0
DA:32,14
DA:34,2
LF:18
LH:17
BRDA:4,0,0,8
BRDA:4,0,1,42
BRDA:8,1,0,24
BRDA:8,1,1,18
BRDA:17,2,0,12
BRDA:17,2,1,14
BRDA:17,2,2,6
BRDA:17,2,3,8
BRDA:17,2,4,18
BRDA:17,2,5,0
BRF:10
BRH:9
end_of_record
TN:
SF:src/formatters/stylish.js
FN:3,(anonymous_0)
FN:4,(anonymous_1)
FN:6,(anonymous_2)
FN:9,(anonymous_3)
FN:15,(anonymous_4)
FN:16,(anonymous_5)
FN:19,(anonymous_6)
FNF:7
FNH:7
FNDA:14,(anonymous_0)
FNDA:64,(anonymous_1)
FNDA:84,(anonymous_2)
FNDA:20,(anonymous_3)
FNDA:2,(anonymous_4)
FNDA:14,(anonymous_5)
FNDA:58,(anonymous_6)
DA:3,14
DA:4,64
DA:6,1
DA:7,84
DA:8,16
DA:9,20
DA:10,16
DA:12,68
DA:15,1
DA:16,2
DA:17,14
DA:18,14
DA:19,14
DA:20,58
DA:22,12
DA:24,8
DA:26,14
DA:28,6
DA:30,18
DA:31,18
DA:32,18
DA:35,0
DA:38,14
DA:40,2
LF:24
LH:23
BRDA:7,0,0,16
BRDA:7,0,1,68
BRDA:20,1,0,12
BRDA:20,1,1,8
BRDA:20,1,2,14
BRDA:20,1,3,6
BRDA:20,1,4,18
BRDA:20,1,5,0
BRF:8
BRH:7
end_of_record
